<?xml version="1.0" encoding="UTF-8"?>
<coverage generated="1770146923553" clover="3.2.0">
  <project timestamp="1770146923553" name="All files">
    <metrics statements="200" coveredstatements="130" conditionals="91" coveredconditionals="62" methods="15" coveredmethods="8" elements="306" coveredelements="200" complexity="0" loc="200" ncloc="200" packages="1" files="1" classes="1"/>
    <file name="index.js" path="D:\claude\mediev-h3-game\server\index.js">
      <metrics statements="200" coveredstatements="130" conditionals="91" coveredconditionals="62" methods="15" coveredmethods="8"/>
      <line num="1" count="1" type="stmt"/>
      <line num="2" count="1" type="stmt"/>
      <line num="3" count="1" type="stmt"/>
      <line num="4" count="1" type="stmt"/>
      <line num="6" count="1" type="stmt"/>
      <line num="7" count="1" type="cond" truecount="1" falsecount="1"/>
      <line num="10" count="1" type="stmt"/>
      <line num="11" count="1" type="stmt"/>
      <line num="14" count="1" type="stmt"/>
      <line num="52" count="1" type="stmt"/>
      <line num="53" count="4" type="stmt"/>
      <line num="54" count="4" type="stmt"/>
      <line num="57" count="4" type="cond" truecount="6" falsecount="0"/>
      <line num="58" count="1" type="stmt"/>
      <line num="64" count="3" type="stmt"/>
      <line num="72" count="3" type="cond" truecount="1" falsecount="1"/>
      <line num="73" count="0" type="stmt"/>
      <line num="80" count="3" type="cond" truecount="1" falsecount="1"/>
      <line num="83" count="3" type="cond" truecount="3" falsecount="1"/>
      <line num="84" count="0" type="stmt"/>
      <line num="90" count="3" type="stmt"/>
      <line num="93" count="3" type="stmt"/>
      <line num="100" count="3" type="stmt"/>
      <line num="101" count="3" type="stmt"/>
      <line num="103" count="3" type="stmt"/>
      <line num="105" count="3" type="cond" truecount="1" falsecount="1"/>
      <line num="106" count="0" type="stmt"/>
      <line num="107" count="0" type="stmt"/>
      <line num="111" count="3" type="stmt"/>
      <line num="116" count="3" type="stmt"/>
      <line num="119" count="3" type="stmt"/>
      <line num="135" count="3" type="stmt"/>
      <line num="139" count="2" type="stmt"/>
      <line num="140" count="3" type="stmt"/>
      <line num="158" count="2" type="stmt"/>
      <line num="159" count="2" type="stmt"/>
      <line num="160" count="2" type="stmt"/>
      <line num="163" count="1" type="stmt"/>
      <line num="164" count="1" type="stmt"/>
      <line num="165" count="1" type="stmt"/>
      <line num="187" count="1" type="stmt"/>
      <line num="188" count="0" type="stmt"/>
      <line num="189" count="0" type="stmt"/>
      <line num="191" count="0" type="stmt"/>
      <line num="201" count="0" type="stmt"/>
      <line num="203" count="0" type="cond" truecount="0" falsecount="4"/>
      <line num="204" count="0" type="stmt"/>
      <line num="205" count="0" type="stmt"/>
      <line num="209" count="0" type="stmt"/>
      <line num="210" count="0" type="stmt"/>
      <line num="213" count="0" type="stmt"/>
      <line num="214" count="0" type="stmt"/>
      <line num="216" count="0" type="stmt"/>
      <line num="225" count="0" type="stmt"/>
      <line num="226" count="0" type="stmt"/>
      <line num="228" count="0" type="stmt"/>
      <line num="230" count="0" type="stmt"/>
      <line num="231" count="0" type="stmt"/>
      <line num="232" count="0" type="stmt"/>
      <line num="235" count="0" type="stmt"/>
      <line num="236" count="0" type="stmt"/>
      <line num="237" count="0" type="stmt"/>
      <line num="255" count="1" type="stmt"/>
      <line num="256" count="0" type="stmt"/>
      <line num="257" count="0" type="stmt"/>
      <line num="266" count="0" type="stmt"/>
      <line num="268" count="0" type="stmt"/>
      <line num="274" count="0" type="stmt"/>
      <line num="275" count="0" type="stmt"/>
      <line num="278" count="0" type="stmt"/>
      <line num="279" count="0" type="stmt"/>
      <line num="290" count="10" type="stmt"/>
      <line num="317" count="1" type="stmt"/>
      <line num="318" count="9" type="stmt"/>
      <line num="320" count="9" type="stmt"/>
      <line num="321" count="9" type="stmt"/>
      <line num="324" count="9" type="cond" truecount="4" falsecount="0"/>
      <line num="325" count="2" type="stmt"/>
      <line num="331" count="7" type="stmt"/>
      <line num="337" count="7" type="stmt"/>
      <line num="340" count="7" type="stmt"/>
      <line num="345" count="7" type="stmt"/>
      <line num="346" count="7" type="stmt"/>
      <line num="347" count="7" type="stmt"/>
      <line num="349" count="7" type="stmt"/>
      <line num="352" count="7" type="stmt"/>
      <line num="360" count="7" type="stmt"/>
      <line num="362" count="7" type="cond" truecount="1" falsecount="1"/>
      <line num="363" count="0" type="stmt"/>
      <line num="364" count="0" type="stmt"/>
      <line num="370" count="7" type="stmt"/>
      <line num="373" count="7" type="cond" truecount="4" falsecount="0"/>
      <line num="374" count="2" type="stmt"/>
      <line num="375" count="2" type="stmt"/>
      <line num="382" count="5" type="cond" truecount="2" falsecount="0"/>
      <line num="383" count="1" type="stmt"/>
      <line num="384" count="1" type="stmt"/>
      <line num="391" count="4" type="stmt"/>
      <line num="397" count="4" type="stmt"/>
      <line num="399" count="4" type="cond" truecount="1" falsecount="1"/>
      <line num="400" count="0" type="stmt"/>
      <line num="401" count="0" type="stmt"/>
      <line num="407" count="4" type="stmt"/>
      <line num="408" count="4" type="stmt"/>
      <line num="410" count="4" type="cond" truecount="2" falsecount="0"/>
      <line num="411" count="1" type="stmt"/>
      <line num="412" count="1" type="stmt"/>
      <line num="419" count="3" type="cond" truecount="2" falsecount="0"/>
      <line num="421" count="1" type="stmt"/>
      <line num="424" count="7" type="stmt"/>
      <line num="430" count="1" type="stmt"/>
      <line num="435" count="1" type="stmt"/>
      <line num="436" count="1" type="stmt"/>
      <line num="438" count="1" type="stmt"/>
      <line num="440" count="1" type="cond" truecount="1" falsecount="1"/>
      <line num="441" count="1" type="stmt"/>
      <line num="442" count="1" type="stmt"/>
      <line num="448" count="0" type="stmt"/>
      <line num="452" count="2" type="stmt"/>
      <line num="453" count="2" type="stmt"/>
      <line num="454" count="2" type="stmt"/>
      <line num="455" count="2" type="stmt"/>
      <line num="456" count="2" type="stmt"/>
      <line num="459" count="2" type="stmt"/>
      <line num="460" count="2" type="stmt"/>
      <line num="462" count="2" type="cond" truecount="1" falsecount="1"/>
      <line num="464" count="0" type="stmt"/>
      <line num="466" count="0" type="cond" truecount="0" falsecount="2"/>
      <line num="467" count="0" type="stmt"/>
      <line num="469" count="0" type="stmt"/>
      <line num="470" count="0" type="stmt"/>
      <line num="471" count="0" type="stmt"/>
      <line num="473" count="0" type="stmt"/>
      <line num="476" count="2" type="stmt"/>
      <line num="479" count="2" type="stmt"/>
      <line num="482" count="2" type="stmt"/>
      <line num="490" count="2" type="stmt"/>
      <line num="502" count="2" type="stmt"/>
      <line num="513" count="2" type="stmt"/>
      <line num="514" count="2" type="stmt"/>
      <line num="520" count="2" type="stmt"/>
      <line num="522" count="2" type="cond" truecount="1" falsecount="1"/>
      <line num="523" count="2" type="cond" truecount="1" falsecount="1"/>
      <line num="524" count="2" type="stmt"/>
      <line num="526" count="2" type="stmt"/>
      <line num="541" count="0" type="stmt"/>
      <line num="542" count="0" type="stmt"/>
      <line num="543" count="0" type="stmt"/>
      <line num="544" count="0" type="stmt"/>
      <line num="550" count="9" type="stmt"/>
      <line num="567" count="1" type="stmt"/>
      <line num="568" count="5" type="stmt"/>
      <line num="569" count="5" type="stmt"/>
      <line num="571" count="5" type="cond" truecount="2" falsecount="0"/>
      <line num="572" count="2" type="stmt"/>
      <line num="578" count="3" type="stmt"/>
      <line num="585" count="3" type="stmt"/>
      <line num="587" count="2" type="cond" truecount="2" falsecount="0"/>
      <line num="588" count="1" type="stmt"/>
      <line num="595" count="1" type="stmt"/>
      <line num="602" count="1" type="stmt"/>
      <line num="603" count="1" type="stmt"/>
      <line num="636" count="1" type="stmt"/>
      <line num="637" count="4" type="stmt"/>
      <line num="638" count="4" type="stmt"/>
      <line num="644" count="4" type="stmt"/>
      <line num="671" count="4" type="stmt"/>
      <line num="673" count="3" type="cond" truecount="2" falsecount="0"/>
      <line num="674" count="1" type="stmt"/>
      <line num="680" count="2" type="stmt"/>
      <line num="683" count="2" type="stmt"/>
      <line num="704" count="2" type="stmt"/>
      <line num="707" count="1" type="stmt"/>
      <line num="708" count="1" type="stmt"/>
      <line num="727" count="1" type="stmt"/>
      <line num="728" count="0" type="stmt"/>
      <line num="729" count="0" type="stmt"/>
      <line num="730" count="0" type="stmt"/>
      <line num="735" count="0" type="stmt"/>
      <line num="737" count="0" type="cond" truecount="0" falsecount="2"/>
      <line num="738" count="0" type="stmt"/>
      <line num="741" count="0" type="stmt"/>
      <line num="743" count="0" type="stmt"/>
      <line num="744" count="0" type="stmt"/>
      <line num="752" count="1" type="stmt"/>
      <line num="753" count="1" type="stmt"/>
      <line num="761" count="1" type="cond" truecount="1" falsecount="1"/>
      <line num="762" count="0" type="stmt"/>
      <line num="763" count="0" type="stmt"/>
      <line num="764" count="0" type="stmt"/>
      <line num="765" count="0" type="stmt"/>
      <line num="766" count="0" type="stmt"/>
      <line num="767" count="0" type="stmt"/>
      <line num="768" count="0" type="stmt"/>
      <line num="769" count="0" type="stmt"/>
      <line num="770" count="0" type="stmt"/>
      <line num="771" count="0" type="stmt"/>
      <line num="772" count="0" type="stmt"/>
      <line num="773" count="0" type="stmt"/>
      <line num="778" count="1" type="stmt"/>
    </file>
  </project>
</coverage>
