{"D:\\claude\\mediev-h3-game\\server\\index.js": {"path":"D:\\claude\\mediev-h3-game\\server\\index.js","statementMap":{"0":{"start":{"line":1,"column":13},"end":{"line":1,"column":28}},"1":{"start":{"line":2,"column":0},"end":{"line":2,"column":68}},"2":{"start":{"line":3,"column":16},"end":{"line":3,"column":34}},"3":{"start":{"line":4,"column":13},"end":{"line":4,"column":28}},"4":{"start":{"line":5,"column":21},"end":{"line":5,"column":45}},"5":{"start":{"line":6,"column":13},"end":{"line":6,"column":28}},"6":{"start":{"line":8,"column":35},"end":{"line":8,"column":58}},"7":{"start":{"line":9,"column":43},"end":{"line":9,"column":72}},"8":{"start":{"line":10,"column":28},"end":{"line":10,"column":62}},"9":{"start":{"line":11,"column":32},"end":{"line":11,"column":71}},"10":{"start":{"line":13,"column":16},"end":{"line":13,"column":46}},"11":{"start":{"line":14,"column":18},"end":{"line":14,"column":50}},"12":{"start":{"line":15,"column":23},"end":{"line":15,"column":60}},"13":{"start":{"line":16,"column":18},"end":{"line":16,"column":50}},"14":{"start":{"line":17,"column":17},"end":{"line":17,"column":48}},"15":{"start":{"line":20,"column":0},"end":{"line":20,"column":50}},"16":{"start":{"line":21,"column":0},"end":{"line":21,"column":83}},"17":{"start":{"line":22,"column":0},"end":{"line":22,"column":83}},"18":{"start":{"line":23,"column":0},"end":{"line":23,"column":49}},"19":{"start":{"line":25,"column":12},"end":{"line":25,"column":21}},"20":{"start":{"line":26,"column":13},"end":{"line":26,"column":37}},"21":{"start":{"line":29,"column":0},"end":{"line":29,"column":19}},"22":{"start":{"line":33,"column":24},"end":{"line":35,"column":23}},"23":{"start":{"line":35,"column":14},"end":{"line":35,"column":22}},"24":{"start":{"line":38,"column":0},"end":{"line":45,"column":4}},"25":{"start":{"line":41,"column":8},"end":{"line":41,"column":85}},"26":{"start":{"line":41,"column":57},"end":{"line":41,"column":85}},"27":{"start":{"line":42,"column":8},"end":{"line":42,"column":68}},"28":{"start":{"line":46,"column":0},"end":{"line":46,"column":24}},"29":{"start":{"line":47,"column":0},"end":{"line":47,"column":24}},"30":{"start":{"line":50,"column":0},"end":{"line":50,"column":56}},"31":{"start":{"line":53,"column":18},"end":{"line":53,"column":43}},"32":{"start":{"line":54,"column":0},"end":{"line":54,"column":27}},"33":{"start":{"line":57,"column":0},"end":{"line":57,"column":84}},"34":{"start":{"line":57,"column":33},"end":{"line":57,"column":82}},"35":{"start":{"line":60,"column":0},"end":{"line":73,"column":3}},"36":{"start":{"line":61,"column":2},"end":{"line":61,"column":63}},"37":{"start":{"line":62,"column":2},"end":{"line":62,"column":43}},"38":{"start":{"line":63,"column":2},"end":{"line":63,"column":30}},"39":{"start":{"line":67,"column":26},"end":{"line":67,"column":68}},"40":{"start":{"line":68,"column":2},"end":{"line":72,"column":3}},"41":{"start":{"line":69,"column":4},"end":{"line":69,"column":34}},"42":{"start":{"line":71,"column":4},"end":{"line":71,"column":94}},"43":{"start":{"line":75,"column":0},"end":{"line":75,"column":21}}},"fnMap":{"0":{"name":"(anonymous_0)","decl":{"start":{"line":35,"column":9},"end":{"line":35,"column":10}},"loc":{"start":{"line":35,"column":14},"end":{"line":35,"column":22}},"line":35},"1":{"name":"(anonymous_1)","decl":{"start":{"line":39,"column":12},"end":{"line":39,"column":13}},"loc":{"start":{"line":39,"column":34},"end":{"line":43,"column":5}},"line":39},"2":{"name":"(anonymous_2)","decl":{"start":{"line":57,"column":19},"end":{"line":57,"column":20}},"loc":{"start":{"line":57,"column":33},"end":{"line":57,"column":82}},"line":57},"3":{"name":"(anonymous_3)","decl":{"start":{"line":60,"column":17},"end":{"line":60,"column":18}},"loc":{"start":{"line":60,"column":29},"end":{"line":73,"column":1}},"line":60}},"branchMap":{"0":{"loc":{"start":{"line":21,"column":39},"end":{"line":21,"column":79}},"type":"cond-expr","locations":[{"start":{"line":21,"column":68},"end":{"line":21,"column":72}},{"start":{"line":21,"column":75},"end":{"line":21,"column":79}}],"line":21},"1":{"loc":{"start":{"line":22,"column":39},"end":{"line":22,"column":79}},"type":"cond-expr","locations":[{"start":{"line":22,"column":68},"end":{"line":22,"column":72}},{"start":{"line":22,"column":75},"end":{"line":22,"column":79}}],"line":22},"2":{"loc":{"start":{"line":26,"column":13},"end":{"line":26,"column":37}},"type":"binary-expr","locations":[{"start":{"line":26,"column":13},"end":{"line":26,"column":29}},{"start":{"line":26,"column":33},"end":{"line":26,"column":37}}],"line":26},"3":{"loc":{"start":{"line":33,"column":25},"end":{"line":33,"column":76}},"type":"binary-expr","locations":[{"start":{"line":33,"column":25},"end":{"line":33,"column":49}},{"start":{"line":33,"column":53},"end":{"line":33,"column":76}}],"line":33},"4":{"loc":{"start":{"line":41,"column":8},"end":{"line":41,"column":85}},"type":"if","locations":[{"start":{"line":41,"column":8},"end":{"line":41,"column":85}},{"start":{},"end":{}}],"line":41},"5":{"loc":{"start":{"line":41,"column":12},"end":{"line":41,"column":55}},"type":"binary-expr","locations":[{"start":{"line":41,"column":12},"end":{"line":41,"column":19}},{"start":{"line":41,"column":23},"end":{"line":41,"column":55}}],"line":41},"6":{"loc":{"start":{"line":68,"column":2},"end":{"line":72,"column":3}},"type":"if","locations":[{"start":{"line":68,"column":2},"end":{"line":72,"column":3}},{"start":{"line":70,"column":9},"end":{"line":72,"column":3}}],"line":68}},"s":{"0":0,"1":0,"2":0,"3":0,"4":0,"5":0,"6":0,"7":0,"8":0,"9":0,"10":0,"11":0,"12":0,"13":0,"14":0,"15":0,"16":0,"17":0,"18":0,"19":0,"20":0,"21":0,"22":0,"23":0,"24":0,"25":0,"26":0,"27":0,"28":0,"29":0,"30":0,"31":0,"32":0,"33":0,"34":0,"35":0,"36":0,"37":0,"38":0,"39":0,"40":0,"41":0,"42":0,"43":0},"f":{"0":0,"1":0,"2":0,"3":0},"b":{"0":[0,0],"1":[0,0],"2":[0,0],"3":[0,0],"4":[0,0],"5":[0,0],"6":[0,0]}}
}
