TN:
SF:index.js
FN:52,(anonymous_0)
FN:139,(anonymous_1)
FN:187,(anonymous_2)
FN:209,(anonymous_3)
FN:228,(anonymous_4)
FN:255,(anonymous_5)
FN:268,(anonymous_6)
FN:289,getRandomInt
FN:317,(anonymous_8)
FN:424,(anonymous_9)
FN:567,(anonymous_10)
FN:636,(anonymous_11)
FN:727,(anonymous_12)
FN:752,(anonymous_13)
FN:762,(anonymous_14)
FNF:15
FNH:8
FNDA:4,(anonymous_0)
FNDA:3,(anonymous_1)
FNDA:0,(anonymous_2)
FNDA:0,(anonymous_3)
FNDA:0,(anonymous_4)
FNDA:0,(anonymous_5)
FNDA:0,(anonymous_6)
FNDA:10,getRandomInt
FNDA:9,(anonymous_8)
FNDA:7,(anonymous_9)
FNDA:5,(anonymous_10)
FNDA:4,(anonymous_11)
FNDA:0,(anonymous_12)
FNDA:1,(anonymous_13)
FNDA:0,(anonymous_14)
DA:1,1
DA:2,1
DA:3,1
DA:4,1
DA:6,1
DA:7,1
DA:10,1
DA:11,1
DA:14,1
DA:52,1
DA:53,4
DA:54,4
DA:57,4
DA:58,1
DA:64,3
DA:72,3
DA:73,0
DA:80,3
DA:83,3
DA:84,0
DA:90,3
DA:93,3
DA:100,3
DA:101,3
DA:103,3
DA:105,3
DA:106,0
DA:107,0
DA:111,3
DA:116,3
DA:119,3
DA:135,3
DA:139,2
DA:140,3
DA:158,2
DA:159,2
DA:160,2
DA:163,1
DA:164,1
DA:165,1
DA:187,1
DA:188,0
DA:189,0
DA:191,0
DA:201,0
DA:203,0
DA:204,0
DA:205,0
DA:209,0
DA:210,0
DA:213,0
DA:214,0
DA:216,0
DA:225,0
DA:226,0
DA:228,0
DA:230,0
DA:231,0
DA:232,0
DA:235,0
DA:236,0
DA:237,0
DA:255,1
DA:256,0
DA:257,0
DA:266,0
DA:268,0
DA:274,0
DA:275,0
DA:278,0
DA:279,0
DA:290,10
DA:317,1
DA:318,9
DA:320,9
DA:321,9
DA:324,9
DA:325,2
DA:331,7
DA:337,7
DA:340,7
DA:345,7
DA:346,7
DA:347,7
DA:349,7
DA:352,7
DA:360,7
DA:362,7
DA:363,0
DA:364,0
DA:370,7
DA:373,7
DA:374,2
DA:375,2
DA:382,5
DA:383,1
DA:384,1
DA:391,4
DA:397,4
DA:399,4
DA:400,0
DA:401,0
DA:407,4
DA:408,4
DA:410,4
DA:411,1
DA:412,1
DA:419,3
DA:421,1
DA:424,7
DA:430,1
DA:435,1
DA:436,1
DA:438,1
DA:440,1
DA:441,1
DA:442,1
DA:448,0
DA:452,2
DA:453,2
DA:454,2
DA:455,2
DA:456,2
DA:459,2
DA:460,2
DA:462,2
DA:464,0
DA:466,0
DA:467,0
DA:469,0
DA:470,0
DA:471,0
DA:473,0
DA:476,2
DA:479,2
DA:482,2
DA:490,2
DA:502,2
DA:513,2
DA:514,2
DA:520,2
DA:522,2
DA:523,2
DA:524,2
DA:526,2
DA:541,0
DA:542,0
DA:543,0
DA:544,0
DA:550,9
DA:567,1
DA:568,5
DA:569,5
DA:571,5
DA:572,2
DA:578,3
DA:585,3
DA:587,2
DA:588,1
DA:595,1
DA:602,1
DA:603,1
DA:636,1
DA:637,4
DA:638,4
DA:644,4
DA:671,4
DA:673,3
DA:674,1
DA:680,2
DA:683,2
DA:704,2
DA:707,1
DA:708,1
DA:727,1
DA:728,0
DA:729,0
DA:730,0
DA:735,0
DA:737,0
DA:738,0
DA:741,0
DA:743,0
DA:744,0
DA:752,1
DA:753,1
DA:761,1
DA:762,0
DA:763,0
DA:764,0
DA:765,0
DA:766,0
DA:767,0
DA:768,0
DA:769,0
DA:770,0
DA:771,0
DA:772,0
DA:773,0
DA:778,1
LF:200
LH:130
BRDA:7,0,0,1
BRDA:7,0,1,0
BRDA:57,1,0,1
BRDA:57,1,1,3
BRDA:57,2,0,4
BRDA:57,2,1,4
BRDA:57,2,2,3
BRDA:57,2,3,3
BRDA:72,3,0,0
BRDA:72,3,1,3
BRDA:80,4,0,3
BRDA:80,4,1,0
BRDA:83,5,0,0
BRDA:83,5,1,3
BRDA:83,6,0,3
BRDA:83,6,1,3
BRDA:105,7,0,0
BRDA:105,7,1,3
BRDA:143,8,0,3
BRDA:143,8,1,0
BRDA:144,9,0,3
BRDA:144,9,1,3
BRDA:147,10,0,3
BRDA:147,10,1,2
BRDA:148,11,0,3
BRDA:148,11,1,2
BRDA:151,12,0,3
BRDA:151,12,1,3
BRDA:152,13,0,3
BRDA:152,13,1,3
BRDA:153,14,0,3
BRDA:153,14,1,2
BRDA:154,15,0,3
BRDA:154,15,1,3
BRDA:168,16,0,0
BRDA:168,16,1,1
BRDA:203,17,0,0
BRDA:203,17,1,0
BRDA:203,18,0,0
BRDA:203,18,1,0
BRDA:240,19,0,0
BRDA:240,19,1,0
BRDA:271,20,0,0
BRDA:271,20,1,0
BRDA:271,20,2,0
BRDA:324,21,0,2
BRDA:324,21,1,7
BRDA:324,22,0,9
BRDA:324,22,1,8
BRDA:362,23,0,0
BRDA:362,23,1,7
BRDA:373,24,0,2
BRDA:373,24,1,5
BRDA:373,25,0,7
BRDA:373,25,1,6
BRDA:382,26,0,1
BRDA:382,26,1,4
BRDA:399,27,0,0
BRDA:399,27,1,4
BRDA:410,28,0,1
BRDA:410,28,1,3
BRDA:419,29,0,1
BRDA:419,29,1,2
BRDA:440,30,0,1
BRDA:440,30,1,0
BRDA:462,31,0,0
BRDA:462,31,1,2
BRDA:466,32,0,0
BRDA:466,32,1,0
BRDA:522,33,0,2
BRDA:522,33,1,0
BRDA:523,34,0,2
BRDA:523,34,1,0
BRDA:532,35,0,2
BRDA:532,35,1,0
BRDA:535,36,0,0
BRDA:535,36,1,2
BRDA:571,37,0,2
BRDA:571,37,1,3
BRDA:587,38,0,1
BRDA:587,38,1,1
BRDA:673,39,0,1
BRDA:673,39,1,2
BRDA:691,40,0,2
BRDA:691,40,1,1
BRDA:694,41,0,1
BRDA:694,41,1,1
BRDA:737,42,0,0
BRDA:737,42,1,0
BRDA:761,43,0,0
BRDA:761,43,1,1
BRF:91
BRH:62
end_of_record
